Using pre-set license
Built from 'trunk' branch; Version is '2021.1.0a9 (18321e85013a) revision 1585694'; Using compiler version '192528614'; Build Type 'Release'
OS: 'Windows 10 Pro; OS build 18363.900; Version 1909; 64bit' Language: 'zh' Physical Memory: 16284 MB
BatchMode: 1, IsHumanControllingUs: 0, StartBugReporterOnCrash: 0, Is64bit: 1, IsPro: 0

 COMMAND LINE ARGUMENTS:
F:\Unity 2021.1.0a9\Editor\Unity.exe
-adb2
-batchMode
-noUpm
-name
AssetImportWorker0
-projectPath
E:/unity_projects/ShaderGraphDemo
-logFile
Logs/AssetImportWorker0.log
-srvPort
4505
Successfully changed project path to: E:/unity_projects/ShaderGraphDemo
E:/unity_projects/ShaderGraphDemo
Using Asset Import Pipeline V2.
Refreshing native plugins compatible for Editor in 50.19 ms, found 0 plugins.
Preloading 0 native plugins for Editor in 0.00 ms.
Initialize engine version: 2021.1.0a9 (18321e85013a)
[Subsystems] Discovering subsystems at path F:/Unity 2021.1.0a9/Editor/Data/Resources/UnitySubsystems
[Subsystems] Discovering subsystems at path E:/unity_projects/ShaderGraphDemo/Assets
GfxDevice: creating device client; threaded=0; jobified=0
Direct3D:
    Version:  Direct3D 11.0 [level 11.0]
    Renderer: NVIDIA GeForce GT 740 (ID=0xfc8)
    Vendor:   
    VRAM:     2007 MB
    Driver:   26.21.14.3200
Shader 'Universal Render Pipeline/Particles/Lit': fallback shader 'Universal Render Pipeline/Particles/SimpleLit' not found
Initialize mono
Mono path[0] = 'F:/Unity 2021.1.0a9/Editor/Data/Managed'
Mono path[1] = 'F:/Unity 2021.1.0a9/Editor/Data/MonoBleedingEdge/lib/mono/unityjit'
Mono config path = 'F:/Unity 2021.1.0a9/Editor/Data/MonoBleedingEdge/etc'
Using monoOptions --debugger-agent=transport=dt_socket,embedding=1,server=y,suspend=n,address=127.0.0.1:56048
Begin MonoManager ReloadAssembly
Registering precompiled unity dll's ...
Register platform support module: F:/Unity 2021.1.0a9/Editor/Data/PlaybackEngines/WindowsStandaloneSupport/UnityEditor.WindowsStandalone.Extensions.dll
Registered in 0.002722 seconds.
Native extension for WindowsStandalone target not found
Refreshing native plugins compatible for Editor in 47.71 ms, found 0 plugins.
Preloading 0 native plugins for Editor in 0.00 ms.
Mono: successfully reloaded assembly
- Completed reload, in  1.568 seconds
Platform modules already initialized, skipping
Registering precompiled user dll's ...
Registered in 0.001720 seconds.
Begin MonoManager ReloadAssembly
Native extension for WindowsStandalone target not found
Refreshing native plugins compatible for Editor in 48.05 ms, found 0 plugins.
Preloading 0 native plugins for Editor in 0.00 ms.
Mono: successfully reloaded assembly
- Completed reload, in  1.228 seconds
Platform modules already initialized, skipping
========================================================================
Worker process is ready to serve import requests
Shader 'Universal Render Pipeline/Particles/Lit': fallback shader 'Universal Render Pipeline/Particles/SimpleLit' not found
Launched and connected shader compiler UnityShaderCompiler.exe after 0.12 seconds
Refreshing native plugins compatible for Editor in 0.47 ms, found 0 plugins.
Preloading 0 native plugins for Editor in 0.00 ms.
Unloading 2361 Unused Serialized files (Serialized files now loaded: 0)
System memory in use before: 241.3 MB.
System memory in use after: 241.4 MB.

Unloading 11 unused Assets to reduce memory usage. Loaded Objects now: 2815.
Total: 5.388500 ms (FindLiveObjects: 0.227000 ms CreateObjectMapping: 0.222100 ms MarkObjects: 4.782200 ms  DeleteObjects: 0.155500 ms)

========================================================================
Received Import Request.
  path: Assets/Player/Player 1.FBX
  artifactKey: Guid(ed2d885a3c64f49698f695a01b39ccfe) Importer(815301076,1909f56bfc062723c751e8b465ee728b)
Start importing Assets/Player/Player 1.FBX using Guid(ed2d885a3c64f49698f695a01b39ccfe) Importer(815301076,1909f56bfc062723c751e8b465ee728b)  -> (artifact id: 'b69dfe31867b3f3f0c1da55fbd4a1563') in 0.693623 seconds 
========================================================================
Received Import Request.
  Time since last request: 0.014567 seconds.
  path: Assets/Player/PlayerController.controller
  artifactKey: Guid(9777b2b710f5a454cbc1173c46400a3b) Importer(815301076,1909f56bfc062723c751e8b465ee728b)
Start importing Assets/Player/PlayerController.controller using Guid(9777b2b710f5a454cbc1173c46400a3b) Importer(815301076,1909f56bfc062723c751e8b465ee728b)  -> (artifact id: '3ffb82d6231613e9d1a74ee02102de55') in 0.027265 seconds 
========================================================================
Received Import Request.
  Time since last request: 10.229160 seconds.
  path: Assets/ShaderGraph
  artifactKey: Guid(ef523f8ec691fb34db0534375163f8b4) Importer(815301076,1909f56bfc062723c751e8b465ee728b)
Start importing Assets/ShaderGraph using Guid(ef523f8ec691fb34db0534375163f8b4) Importer(815301076,1909f56bfc062723c751e8b465ee728b)  -> (artifact id: '3598b642a29184c490ae32e61a4cde92') in 0.004894 seconds 
========================================================================
Received Prepare
Shader 'Universal Render Pipeline/Particles/Lit': fallback shader 'Universal Render Pipeline/Particles/SimpleLit' not found
Refreshing native plugins compatible for Editor in 1.52 ms, found 0 plugins.
Preloading 0 native plugins for Editor in 0.00 ms.
Unloading 52 Unused Serialized files (Serialized files now loaded: 0)
System memory in use before: 211.6 MB.
System memory in use after: 211.8 MB.

Unloading 4 unused Assets to reduce memory usage. Loaded Objects now: 2874.
Total: 2.769700 ms (FindLiveObjects: 0.284400 ms CreateObjectMapping: 0.115300 ms MarkObjects: 2.301600 ms  DeleteObjects: 0.067500 ms)

========================================================================
Received Import Request.
  Time since last request: 113.001859 seconds.
  path: Assets/ShaderGraph/NewUnlitShader.shader
  artifactKey: Guid(4955f2d2dae791149b1eec603555db9e) Importer(815301076,1909f56bfc062723c751e8b465ee728b)
Start importing Assets/ShaderGraph/NewUnlitShader.shader using Guid(4955f2d2dae791149b1eec603555db9e) Importer(815301076,1909f56bfc062723c751e8b465ee728b)  -> (artifact id: '3835b1324baf002500e3096edca508f0') in 0.014027 seconds 
========================================================================
Received Import Request.
  Time since last request: 0.713312 seconds.
  path: Assets/ShaderGraph/UniversalRenderPipelineAsset.asset
  artifactKey: Guid(cfec609a1518da146b12db6851cadfa9) Importer(815301076,1909f56bfc062723c751e8b465ee728b)
Start importing Assets/ShaderGraph/UniversalRenderPipelineAsset.asset using Guid(cfec609a1518da146b12db6851cadfa9) Importer(815301076,1909f56bfc062723c751e8b465ee728b)  -> (artifact id: '708cce60955f68eefb8c2169e2ad452b') in 0.008207 seconds 
========================================================================
Received Import Request.
  Time since last request: 27.678189 seconds.
  path: Assets/ShaderGraph/New Shader Graph.shadergraph
  artifactKey: Guid(aca77ce79c26dc146998aeff3e7ebde8) Importer(815301076,1909f56bfc062723c751e8b465ee728b)
Start importing Assets/ShaderGraph/New Shader Graph.shadergraph using Guid(aca77ce79c26dc146998aeff3e7ebde8) Importer(815301076,1909f56bfc062723c751e8b465ee728b)  -> (artifact id: '46d8801425f149612bd1ae4587e7c2be') in 0.009013 seconds 
========================================================================
Received Import Request.
  Time since last request: 79.518580 seconds.
  path: Assets/ShaderGraph/New Shader Graph 1.shadergraph
  artifactKey: Guid(94cc5694522e3c449a2e5ffd79f24da2) Importer(815301076,1909f56bfc062723c751e8b465ee728b)
Start importing Assets/ShaderGraph/New Shader Graph 1.shadergraph using Guid(94cc5694522e3c449a2e5ffd79f24da2) Importer(815301076,1909f56bfc062723c751e8b465ee728b)  -> (artifact id: 'be9323c560abf1ec79216a2d4d6c7bfc') in 0.005487 seconds 
========================================================================
Received Import Request.
  Time since last request: 101.757449 seconds.
  path: Assets/Player/Textures/Player/Player_E.tga
  artifactKey: Guid(2da4b277e55414e498e12ef6bc54ee29) Importer(815301076,1909f56bfc062723c751e8b465ee728b)
Start importing Assets/Player/Textures/Player/Player_E.tga using Guid(2da4b277e55414e498e12ef6bc54ee29) Importer(815301076,1909f56bfc062723c751e8b465ee728b)  -> (artifact id: '9b90de80c253fa2ab4414a074cf61fdf') in 0.033153 seconds 
========================================================================
Received Import Request.
  Time since last request: 1.163089 seconds.
  path: Assets/Player/Textures/Player/Player_D.tga
  artifactKey: Guid(206adb28e14acb0479ae315df5e1d743) Importer(815301076,1909f56bfc062723c751e8b465ee728b)
Start importing Assets/Player/Textures/Player/Player_D.tga using Guid(206adb28e14acb0479ae315df5e1d743) Importer(815301076,1909f56bfc062723c751e8b465ee728b)  -> (artifact id: '27fca4c95ebea35e7e0f9d697dec8c4a') in 0.021769 seconds 
========================================================================
Received Import Request.
  Time since last request: 11.335489 seconds.
  path: Assets/Player/Textures/Player/Player_M.tga
  artifactKey: Guid(04de021bd91ba654488ac587e4c31e2b) Importer(815301076,1909f56bfc062723c751e8b465ee728b)
Start importing Assets/Player/Textures/Player/Player_M.tga using Guid(04de021bd91ba654488ac587e4c31e2b) Importer(815301076,1909f56bfc062723c751e8b465ee728b)  -> (artifact id: 'c55d0d5ed9ac46cae0017c31cdd858a7') in 0.022426 seconds 
========================================================================
Received Import Request.
  Time since last request: 225.786972 seconds.
  path: Assets/ShaderGraph/New Shader Graph.shadergraph
  artifactKey: Guid(aca77ce79c26dc146998aeff3e7ebde8) Importer(815301076,1909f56bfc062723c751e8b465ee728b)
Start importing Assets/ShaderGraph/New Shader Graph.shadergraph using Guid(aca77ce79c26dc146998aeff3e7ebde8) Importer(815301076,1909f56bfc062723c751e8b465ee728b)  -> (artifact id: 'd286152d64f26ab86156b86073f3e75c') in 0.006318 seconds 
========================================================================
Received Import Request.
  Time since last request: 7.219703 seconds.
  path: Assets/ShaderGraph/UnlitShader Graph.shadergraph
  artifactKey: Guid(aca77ce79c26dc146998aeff3e7ebde8) Importer(815301076,1909f56bfc062723c751e8b465ee728b)
Start importing Assets/ShaderGraph/UnlitShader Graph.shadergraph using Guid(aca77ce79c26dc146998aeff3e7ebde8) Importer(815301076,1909f56bfc062723c751e8b465ee728b)  -> (artifact id: '5d3a5f81eecd31297cf3c29d419f86cd') in 0.004553 seconds 
========================================================================
Received Import Request.
  Time since last request: 15.351963 seconds.
  path: Assets/ShaderGraph/LitShader Graph.shadergraph
  artifactKey: Guid(9a71cdc0ad3c2a840b555c203a7340d5) Importer(815301076,1909f56bfc062723c751e8b465ee728b)
Start importing Assets/ShaderGraph/LitShader Graph.shadergraph using Guid(9a71cdc0ad3c2a840b555c203a7340d5) Importer(815301076,1909f56bfc062723c751e8b465ee728b)  -> (artifact id: '71dcb7d30274cd267f388b4f423dbb38') in 0.005313 seconds 
========================================================================
Received Import Request.
  Time since last request: 194.223205 seconds.
  path: Assets/ShaderGraph/LitShader Graph.shadergraph
  artifactKey: Guid(9a71cdc0ad3c2a840b555c203a7340d5) Importer(815301076,1909f56bfc062723c751e8b465ee728b)
Start importing Assets/ShaderGraph/LitShader Graph.shadergraph using Guid(9a71cdc0ad3c2a840b555c203a7340d5) Importer(815301076,1909f56bfc062723c751e8b465ee728b)  -> (artifact id: '6a7235a1909e8945fbfbc019542ed5d7') in 0.004976 seconds 
========================================================================
Received Import Request.
  Time since last request: 4.228245 seconds.
  path: Assets/ShaderGraph/UnlitShader Graph.shadergraph
  artifactKey: Guid(aca77ce79c26dc146998aeff3e7ebde8) Importer(815301076,1909f56bfc062723c751e8b465ee728b)
Start importing Assets/ShaderGraph/UnlitShader Graph.shadergraph using Guid(aca77ce79c26dc146998aeff3e7ebde8) Importer(815301076,1909f56bfc062723c751e8b465ee728b)  -> (artifact id: '3856f30528904fd3900d39dcf6c1c239') in 0.006823 seconds 
========================================================================
Received Import Request.
  Time since last request: 1762.310679 seconds.
  path: Assets/ShaderGraph/UnlitShader Graph.shadergraph
  artifactKey: Guid(aca77ce79c26dc146998aeff3e7ebde8) Importer(815301076,1909f56bfc062723c751e8b465ee728b)
Start importing Assets/ShaderGraph/UnlitShader Graph.shadergraph using Guid(aca77ce79c26dc146998aeff3e7ebde8) Importer(815301076,1909f56bfc062723c751e8b465ee728b)  -> (artifact id: '0227a69c90e544dc76e2e50d376e0f05') in 0.007957 seconds 
========================================================================
Received Import Request.
  Time since last request: 49641.712127 seconds.
  path: Assets/ShaderGraph/UnlitShader Graph.shadergraph
  artifactKey: Guid(aca77ce79c26dc146998aeff3e7ebde8) Importer(815301076,1909f56bfc062723c751e8b465ee728b)
Start importing Assets/ShaderGraph/UnlitShader Graph.shadergraph using Guid(aca77ce79c26dc146998aeff3e7ebde8) Importer(815301076,1909f56bfc062723c751e8b465ee728b)  -> (artifact id: '608e95431123cf4043fbfdd2781238da') in 0.028036 seconds 
========================================================================
Received Import Request.
  Time since last request: 2.400288 seconds.
  path: Assets/ShaderGraph/LitShader Graph.shadergraph
  artifactKey: Guid(9a71cdc0ad3c2a840b555c203a7340d5) Importer(815301076,1909f56bfc062723c751e8b465ee728b)
Start importing Assets/ShaderGraph/LitShader Graph.shadergraph using Guid(9a71cdc0ad3c2a840b555c203a7340d5) Importer(815301076,1909f56bfc062723c751e8b465ee728b)  -> (artifact id: '2b44ccdd71b6608f9c4bc08e4e82f902') in 0.026807 seconds 
========================================================================
Received Import Request.
  Time since last request: 26.783807 seconds.
  path: Assets/ShaderGraph/LitShader Graph.shadergraph
  artifactKey: Guid(9a71cdc0ad3c2a840b555c203a7340d5) Importer(815301076,1909f56bfc062723c751e8b465ee728b)
Start importing Assets/ShaderGraph/LitShader Graph.shadergraph using Guid(9a71cdc0ad3c2a840b555c203a7340d5) Importer(815301076,1909f56bfc062723c751e8b465ee728b)  -> (artifact id: '56134f8314926052cde5228843eb0151') in 0.004889 seconds 
========================================================================
Received Import Request.
  Time since last request: 4.139103 seconds.
  path: Assets/Player/Materials
  artifactKey: Guid(84a06a85b3622454c8800ba6a99940e6) Importer(815301076,1909f56bfc062723c751e8b465ee728b)
Start importing Assets/Player/Materials using Guid(84a06a85b3622454c8800ba6a99940e6) Importer(815301076,1909f56bfc062723c751e8b465ee728b)  -> (artifact id: '0466d8956ed8d42d186ad6bc28efcada') in 0.003564 seconds 
========================================================================
Received Import Request.
  Time since last request: 2.227233 seconds.
  path: Assets/Player/Materials-CustomShader
  artifactKey: Guid(1a0ded606230b4092ba320b4d0bc805e) Importer(815301076,1909f56bfc062723c751e8b465ee728b)
Start importing Assets/Player/Materials-CustomShader using Guid(1a0ded606230b4092ba320b4d0bc805e) Importer(815301076,1909f56bfc062723c751e8b465ee728b)  -> (artifact id: '220fa7292ef5dd296905ee6cef9c9cdb') in 0.003578 seconds 
========================================================================
Received Import Request.
  Time since last request: 1.348477 seconds.
  path: Assets/Player/Textures/Gun
  artifactKey: Guid(7e92648e271334dd7b183f51cca99fad) Importer(815301076,1909f56bfc062723c751e8b465ee728b)
Start importing Assets/Player/Textures/Gun using Guid(7e92648e271334dd7b183f51cca99fad) Importer(815301076,1909f56bfc062723c751e8b465ee728b)  -> (artifact id: '4d0b7528e8ff6c180b99d978d6decb86') in 0.004645 seconds 
========================================================================
Received Import Request.
  Time since last request: 81.546186 seconds.
  path: Assets/New Folder
  artifactKey: Guid(8304a2e41a747294a8c204f47dc7d7c5) Importer(815301076,1909f56bfc062723c751e8b465ee728b)
Start importing Assets/New Folder using Guid(8304a2e41a747294a8c204f47dc7d7c5) Importer(815301076,1909f56bfc062723c751e8b465ee728b)  -> (artifact id: '74b56e6dddb70f6ea317fe6d8c61761a') in 0.003813 seconds 
========================================================================
Received Import Request.
  Time since last request: 0.019543 seconds.
  path: Assets/Player
  artifactKey: Guid(4e009f9a2e76cb6438e5a0fd02914610) Importer(815301076,1909f56bfc062723c751e8b465ee728b)
Start importing Assets/Player using Guid(4e009f9a2e76cb6438e5a0fd02914610) Importer(815301076,1909f56bfc062723c751e8b465ee728b)  -> (artifact id: '9cec3d3688230935c52e1326216e5eaa') in 0.003356 seconds 
========================================================================
Received Import Request.
  Time since last request: 57.605586 seconds.
  path: Assets/ShaderGraph/UnlitShader Graph.shadergraph
  artifactKey: Guid(aca77ce79c26dc146998aeff3e7ebde8) Importer(815301076,1909f56bfc062723c751e8b465ee728b)
Start importing Assets/ShaderGraph/UnlitShader Graph.shadergraph using Guid(aca77ce79c26dc146998aeff3e7ebde8) Importer(815301076,1909f56bfc062723c751e8b465ee728b)  -> (artifact id: 'ab7de03aaca1e00033febe5739bd8f70') in 0.004562 seconds 
========================================================================
Received Import Request.
  Time since last request: 173.146922 seconds.
  path: Assets/ShaderGraph/LitShader Graph.shadergraph
  artifactKey: Guid(9a71cdc0ad3c2a840b555c203a7340d5) Importer(815301076,1909f56bfc062723c751e8b465ee728b)
Start importing Assets/ShaderGraph/LitShader Graph.shadergraph using Guid(9a71cdc0ad3c2a840b555c203a7340d5) Importer(815301076,1909f56bfc062723c751e8b465ee728b)  -> (artifact id: '6e17558f5dde657162b52e425f42cc62') in 0.005539 seconds 
========================================================================
Received Import Request.
  Time since last request: 155.062065 seconds.
  path: Assets/ShaderGraph/LitShader Graph.shadergraph
  artifactKey: Guid(9a71cdc0ad3c2a840b555c203a7340d5) Importer(815301076,1909f56bfc062723c751e8b465ee728b)
Start importing Assets/ShaderGraph/LitShader Graph.shadergraph using Guid(9a71cdc0ad3c2a840b555c203a7340d5) Importer(815301076,1909f56bfc062723c751e8b465ee728b)  -> (artifact id: '9aaf7ebcd89831db64728c3064cbc29a') in 0.007925 seconds 
========================================================================
Received Import Request.
  Time since last request: 10.880370 seconds.
  path: Assets/ShaderGraph/PBR_ShaderGraph.shadergraph
  artifactKey: Guid(9a71cdc0ad3c2a840b555c203a7340d5) Importer(815301076,1909f56bfc062723c751e8b465ee728b)
Start importing Assets/ShaderGraph/PBR_ShaderGraph.shadergraph using Guid(9a71cdc0ad3c2a840b555c203a7340d5) Importer(815301076,1909f56bfc062723c751e8b465ee728b)  -> (artifact id: 'cb249d72803d4567ed27ce2fee698251') in 0.005574 seconds 
========================================================================
Received Import Request.
  Time since last request: 7.098656 seconds.
  path: Assets/ShaderGraph/Unlit_ShaderGraph.shadergraph
  artifactKey: Guid(aca77ce79c26dc146998aeff3e7ebde8) Importer(815301076,1909f56bfc062723c751e8b465ee728b)
Start importing Assets/ShaderGraph/Unlit_ShaderGraph.shadergraph using Guid(aca77ce79c26dc146998aeff3e7ebde8) Importer(815301076,1909f56bfc062723c751e8b465ee728b)  -> (artifact id: '9364e58d89bde300ffb6e4593473ac5f') in 0.033785 seconds 
========================================================================
Received Import Request.
  Time since last request: 454.796654 seconds.
  path: Assets/ShaderGraph/Unlit_ShaderGraph.shadergraph
  artifactKey: Guid(aca77ce79c26dc146998aeff3e7ebde8) Importer(815301076,1909f56bfc062723c751e8b465ee728b)
Start importing Assets/ShaderGraph/Unlit_ShaderGraph.shadergraph using Guid(aca77ce79c26dc146998aeff3e7ebde8) Importer(815301076,1909f56bfc062723c751e8b465ee728b)  -> (artifact id: '5401609c41cfa3d6a69891c2350f32eb') in 0.005884 seconds 
========================================================================
Received Import Request.
  Time since last request: 34.705613 seconds.
  path: Assets/Scenes
  artifactKey: Guid(5e8b921eca4cab34994433ae584ad3bc) Importer(815301076,1909f56bfc062723c751e8b465ee728b)
Start importing Assets/Scenes using Guid(5e8b921eca4cab34994433ae584ad3bc) Importer(815301076,1909f56bfc062723c751e8b465ee728b)  -> (artifact id: 'b9fa33a7e2b1d593b82ac9441404308e') in 0.005280 seconds 
========================================================================
Received Import Request.
  Time since last request: 254.732407 seconds.
  path: Assets/ShaderGraph/PBR_ShaderGraph.shadergraph
  artifactKey: Guid(9a71cdc0ad3c2a840b555c203a7340d5) Importer(815301076,1909f56bfc062723c751e8b465ee728b)
Start importing Assets/ShaderGraph/PBR_ShaderGraph.shadergraph using Guid(9a71cdc0ad3c2a840b555c203a7340d5) Importer(815301076,1909f56bfc062723c751e8b465ee728b)  -> (artifact id: 'ef10651feb7bd02a405bc23d341b61e1') in 0.020879 seconds 
========================================================================
Received Import Request.
  Time since last request: 1270.465540 seconds.
  path: Assets/ShaderGraph/Unlit_ShaderGraph.shadergraph
  artifactKey: Guid(aca77ce79c26dc146998aeff3e7ebde8) Importer(815301076,1909f56bfc062723c751e8b465ee728b)
Start importing Assets/ShaderGraph/Unlit_ShaderGraph.shadergraph using Guid(aca77ce79c26dc146998aeff3e7ebde8) Importer(815301076,1909f56bfc062723c751e8b465ee728b)  -> (artifact id: '9c482505404ebc9f91b6183404c17834') in 0.006754 seconds 
========================================================================
Received Prepare
Registering precompiled user dll's ...
Registered in 0.009576 seconds.
Begin MonoManager ReloadAssembly
Native extension for WindowsStandalone target not found
Refreshing native plugins compatible for Editor in 0.77 ms, found 0 plugins.
Preloading 0 native plugins for Editor in 0.00 ms.
Mono: successfully reloaded assembly
- Completed reload, in  1.701 seconds
Platform modules already initialized, skipping
Shader 'Universal Render Pipeline/Particles/Lit': fallback shader 'Universal Render Pipeline/Particles/SimpleLit' not found
Refreshing native plugins compatible for Editor in 0.40 ms, found 0 plugins.
Preloading 0 native plugins for Editor in 0.00 ms.
Unloading 2305 Unused Serialized files (Serialized files now loaded: 0)
System memory in use before: 268.5 MB.
System memory in use after: 268.6 MB.

Unloading 6 unused Assets to reduce memory usage. Loaded Objects now: 2923.
Total: 8.228600 ms (FindLiveObjects: 0.517000 ms CreateObjectMapping: 0.216900 ms MarkObjects: 7.350000 ms  DeleteObjects: 0.134000 ms)

========================================================================
Received Import Request.
  Time since last request: 104.395350 seconds.
  path: Assets/ShaderGraph/PBR_ShaderGraph.shadergraph
  artifactKey: Guid(9a71cdc0ad3c2a840b555c203a7340d5) Importer(815301076,1909f56bfc062723c751e8b465ee728b)
Start importing Assets/ShaderGraph/PBR_ShaderGraph.shadergraph using Guid(9a71cdc0ad3c2a840b555c203a7340d5) Importer(815301076,1909f56bfc062723c751e8b465ee728b)  -> (artifact id: '68a7f69de522f0fd03d759e6aac92183') in 0.032013 seconds 
========================================================================
Received Prepare
Registering precompiled user dll's ...
Registered in 0.002782 seconds.
Begin MonoManager ReloadAssembly
Native extension for WindowsStandalone target not found
Refreshing native plugins compatible for Editor in 0.41 ms, found 0 plugins.
Preloading 0 native plugins for Editor in 0.00 ms.
Mono: successfully reloaded assembly
- Completed reload, in  1.302 seconds
Platform modules already initialized, skipping
Shader 'Universal Render Pipeline/Particles/Lit': fallback shader 'Universal Render Pipeline/Particles/SimpleLit' not found
Refreshing native plugins compatible for Editor in 1.25 ms, found 0 plugins.
Preloading 0 native plugins for Editor in 0.00 ms.
Unloading 2301 Unused Serialized files (Serialized files now loaded: 0)
System memory in use before: 268.9 MB.
System memory in use after: 269.1 MB.

Unloading 6 unused Assets to reduce memory usage. Loaded Objects now: 2925.
Total: 3.196400 ms (FindLiveObjects: 0.220400 ms CreateObjectMapping: 0.112700 ms MarkObjects: 2.809400 ms  DeleteObjects: 0.052900 ms)

========================================================================
Received Prepare
Registering precompiled user dll's ...
Registered in 0.001849 seconds.
Begin MonoManager ReloadAssembly
Native extension for WindowsStandalone target not found
Refreshing native plugins compatible for Editor in 0.41 ms, found 0 plugins.
Preloading 0 native plugins for Editor in 0.00 ms.
Mono: successfully reloaded assembly
- Completed reload, in  1.692 seconds
Platform modules already initialized, skipping
Shader 'Universal Render Pipeline/Particles/Lit': fallback shader 'Universal Render Pipeline/Particles/SimpleLit' not found
Refreshing native plugins compatible for Editor in 0.46 ms, found 0 plugins.
Preloading 0 native plugins for Editor in 0.00 ms.
Unloading 2301 Unused Serialized files (Serialized files now loaded: 0)
System memory in use before: 268.4 MB.
System memory in use after: 268.6 MB.

Unloading 6 unused Assets to reduce memory usage. Loaded Objects now: 2927.
Total: 3.335900 ms (FindLiveObjects: 0.224400 ms CreateObjectMapping: 0.115800 ms MarkObjects: 2.936400 ms  DeleteObjects: 0.057800 ms)

